0 info it worked if it ends with ok
1 verbose cli [ 'C:\\Users\\popov_av\\Desktop\\node-v7.6.0-win-x64\\node.exe',
1 verbose cli   'C:\\Users\\popov_av\\Desktop\\node-v7.6.0-win-x64\\node_modules\\npm\\bin\\npm-cli.js',
1 verbose cli   'install',
1 verbose cli   'webpack',
1 verbose cli   '-g' ]
2 info using npm@4.1.2
3 info using node@v7.6.0
4 silly loadCurrentTree Starting
5 silly install loadCurrentTree
6 silly install readGlobalPackageData
7 silly fetchPackageMetaData webpack
8 silly fetchNamedPackageData webpack
9 silly mapToRegistry name webpack
10 silly mapToRegistry using default registry
11 silly mapToRegistry registry https://registry.npmjs.org/
12 silly mapToRegistry data Result {
12 silly mapToRegistry   raw: 'webpack',
12 silly mapToRegistry   scope: null,
12 silly mapToRegistry   escapedName: 'webpack',
12 silly mapToRegistry   name: 'webpack',
12 silly mapToRegistry   rawSpec: '',
12 silly mapToRegistry   spec: 'latest',
12 silly mapToRegistry   type: 'tag' }
13 silly mapToRegistry uri https://registry.npmjs.org/webpack
14 verbose request uri https://registry.npmjs.org/webpack
15 verbose request no auth needed
16 info attempt registry request try #1 at 13:19:24
17 verbose request id 466c5181795ba735
18 http request GET https://registry.npmjs.org/webpack
19 info retry will retry, error on last attempt: Error: connect ETIMEDOUT 151.101.84.162:443
20 info attempt registry request try #2 at 13:19:55
21 http request GET https://registry.npmjs.org/webpack
22 info retry will retry, error on last attempt: Error: connect ETIMEDOUT 151.101.84.162:443
23 info attempt registry request try #3 at 13:21:16
24 http request GET https://registry.npmjs.org/webpack
25 silly fetchPackageMetaData Error: connect ETIMEDOUT 151.101.84.162:443
25 silly fetchPackageMetaData     at Object.exports._errnoException (util.js:1028:11)
25 silly fetchPackageMetaData     at exports._exceptionWithHostPort (util.js:1051:20)
25 silly fetchPackageMetaData     at TCPConnectWrap.afterConnect [as oncomplete] (net.js:1090:14)
25 silly fetchPackageMetaData  error for webpack { Error: connect ETIMEDOUT 151.101.84.162:443
25 silly fetchPackageMetaData     at Object.exports._errnoException (util.js:1028:11)
25 silly fetchPackageMetaData     at exports._exceptionWithHostPort (util.js:1051:20)
25 silly fetchPackageMetaData     at TCPConnectWrap.afterConnect [as oncomplete] (net.js:1090:14)
25 silly fetchPackageMetaData   code: 'ETIMEDOUT',
25 silly fetchPackageMetaData   errno: 'ETIMEDOUT',
25 silly fetchPackageMetaData   syscall: 'connect',
25 silly fetchPackageMetaData   address: '151.101.84.162',
25 silly fetchPackageMetaData   port: 443 }
26 silly rollbackFailedOptional Starting
27 verbose stack TypeError: Cannot read property 'path' of null
27 verbose stack     at Installer.rollbackFailedOptional (C:\Users\popov_av\Desktop\node-v7.6.0-win-x64\node_modules\npm\lib\install.js:511:29)
27 verbose stack     at Array.<anonymous> (C:\Users\popov_av\Desktop\node-v7.6.0-win-x64\node_modules\npm\node_modules\slide\lib\bind-actor.js:15:8)
27 verbose stack     at LOOP (C:\Users\popov_av\Desktop\node-v7.6.0-win-x64\node_modules\npm\node_modules\slide\lib\chain.js:15:14)
27 verbose stack     at C:\Users\popov_av\Desktop\node-v7.6.0-win-x64\node_modules\npm\node_modules\slide\lib\chain.js:18:7
27 verbose stack     at C:\Users\popov_av\Desktop\node-v7.6.0-win-x64\node_modules\npm\lib\install.js:337:5
27 verbose stack     at Array.<anonymous> (C:\Users\popov_av\Desktop\node-v7.6.0-win-x64\node_modules\npm\node_modules\slide\lib\bind-actor.js:15:8)
27 verbose stack     at LOOP (C:\Users\popov_av\Desktop\node-v7.6.0-win-x64\node_modules\npm\node_modules\slide\lib\chain.js:15:14)
27 verbose stack     at chain (C:\Users\popov_av\Desktop\node-v7.6.0-win-x64\node_modules\npm\node_modules\slide\lib\chain.js:20:5)
27 verbose stack     at C:\Users\popov_av\Desktop\node-v7.6.0-win-x64\node_modules\npm\lib\install.js:294:5
27 verbose stack     at C:\Users\popov_av\Desktop\node-v7.6.0-win-x64\node_modules\npm\node_modules\slide\lib\chain.js:16:22
28 verbose cwd C:\Users\popov_av\Desktop\projects\generator
29 error Windows_NT 6.1.7601
30 error argv "C:\\Users\\popov_av\\Desktop\\node-v7.6.0-win-x64\\node.exe" "C:\\Users\\popov_av\\Desktop\\node-v7.6.0-win-x64\\node_modules\\npm\\bin\\npm-cli.js" "install" "webpack" "-g"
31 error node v7.6.0
32 error npm  v4.1.2
33 error Cannot read property 'path' of null
34 error If you need help, you may report this error at:
34 error     <https://github.com/npm/npm/issues>
35 verbose exit [ 1, true ]
